This is pdfTeX, Version 3.14159265-2.6-1.40.20 (TeX Live 2019/Debian) (preloaded format=pdflatex 2021.2.10)  23 APR 2021 02:22
entering extended mode
 restricted \write18 enabled.
 %&-line parsing enabled.
**FilterDesign.tex
(./FilterDesign.tex
LaTeX2e <2020-02-02> patch level 2
L3 programming layer <2020-02-14>
(/usr/share/texlive/texmf-dist/tex/latex/base/article.cls
Document Class: article 2019/12/20 v1.4l Standard LaTeX document class
(/usr/share/texlive/texmf-dist/tex/latex/base/size10.clo
File: size10.clo 2019/12/20 v1.4l Standard LaTeX file (size option)
)
\c@part=\count167
\c@section=\count168
\c@subsection=\count169
\c@subsubsection=\count170
\c@paragraph=\count171
\c@subparagraph=\count172
\c@figure=\count173
\c@table=\count174
\abovecaptionskip=\skip47
\belowcaptionskip=\skip48
\bibindent=\dimen134
)
(/usr/share/texlive/texmf-dist/tex/latex/graphics/graphicx.sty
Package: graphicx 2019/11/30 v1.2a Enhanced LaTeX Graphics (DPC,SPQR)

(/usr/share/texlive/texmf-dist/tex/latex/graphics/keyval.sty
Package: keyval 2014/10/28 v1.15 key=value parser (DPC)
\KV@toks@=\toks14
)
(/usr/share/texlive/texmf-dist/tex/latex/graphics/graphics.sty
Package: graphics 2019/11/30 v1.4a Standard LaTeX Graphics (DPC,SPQR)

(/usr/share/texlive/texmf-dist/tex/latex/graphics/trig.sty
Package: trig 2016/01/03 v1.10 sin cos tan (DPC)
)
(/usr/share/texlive/texmf-dist/tex/latex/graphics-cfg/graphics.cfg
File: graphics.cfg 2016/06/04 v1.11 sample graphics configuration
)
Package graphics Info: Driver file: pdftex.def on input line 105.

(/usr/share/texlive/texmf-dist/tex/latex/graphics-def/pdftex.def
File: pdftex.def 2018/01/08 v1.0l Graphics/color driver for pdftex
))
\Gin@req@height=\dimen135
\Gin@req@width=\dimen136
)
(/usr/share/texlive/texmf-dist/tex/latex/l3backend/l3backend-pdfmode.def
File: l3backend-pdfmode.def 2020-02-03 L3 backend support: PDF mode
\l__kernel_color_stack_int=\count175
\l__pdf_internal_box=\box45
)
(./FilterDesign.aux)
\openout1 = `FilterDesign.aux'.

LaTeX Font Info:    Checking defaults for OML/cmm/m/it on input line 9.
LaTeX Font Info:    ... okay on input line 9.
LaTeX Font Info:    Checking defaults for OMS/cmsy/m/n on input line 9.
LaTeX Font Info:    ... okay on input line 9.
LaTeX Font Info:    Checking defaults for OT1/cmr/m/n on input line 9.
LaTeX Font Info:    ... okay on input line 9.
LaTeX Font Info:    Checking defaults for T1/cmr/m/n on input line 9.
LaTeX Font Info:    ... okay on input line 9.
LaTeX Font Info:    Checking defaults for TS1/cmr/m/n on input line 9.
LaTeX Font Info:    ... okay on input line 9.
LaTeX Font Info:    Checking defaults for OMX/cmex/m/n on input line 9.
LaTeX Font Info:    ... okay on input line 9.
LaTeX Font Info:    Checking defaults for U/cmr/m/n on input line 9.
LaTeX Font Info:    ... okay on input line 9.

(/usr/share/texlive/texmf-dist/tex/context/base/mkii/supp-pdf.mkii
[Loading MPS to PDF converter (version 2006.09.02).]
\scratchcounter=\count176
\scratchdimen=\dimen137
\scratchbox=\box46
\nofMPsegments=\count177
\nofMParguments=\count178
\everyMPshowfont=\toks15
\MPscratchCnt=\count179
\MPscratchDim=\dimen138
\MPnumerator=\count180
\makeMPintoPDFobject=\count181
\everyMPtoPDFconversion=\toks16
) (/usr/share/texlive/texmf-dist/tex/latex/epstopdf-pkg/epstopdf-base.sty
Package: epstopdf-base 2020-01-24 v2.11 Base part for package epstopdf
Package epstopdf-base Info: Redefining graphics rule for `.eps' on input line 4
85.

(/usr/share/texlive/texmf-dist/tex/latex/latexconfig/epstopdf-sys.cfg
File: epstopdf-sys.cfg 2010/07/13 v1.3 Configuration of (r)epstopdf for TeX Liv
e
))
LaTeX Font Info:    External font `cmex10' loaded for size
(Font)              <12> on input line 15.
LaTeX Font Info:    External font `cmex10' loaded for size
(Font)              <8> on input line 15.
LaTeX Font Info:    External font `cmex10' loaded for size
(Font)              <6> on input line 15.

Overfull \hbox (85.49625pt too wide) in paragraph at lines 20--20
[]\OT1/cmtt/m/n/10 https://github.com/neildhami18/IITH_Academics/EE3025/Assignm
ent-FilterDesign/codes[] 
 []


Overfull \hbox (53.99652pt too wide) in paragraph at lines 27--27
[]\OT1/cmtt/m/n/10 https://github.com/neildhami18/IITH_Academics/EE3025/Assignm
ent-FilterDesign[] 
 []

LaTeX Font Info:    External font `cmex10' loaded for size
(Font)              <7> on input line 34.
LaTeX Font Info:    External font `cmex10' loaded for size
(Font)              <5> on input line 34.
LaTeX Font Info:    Trying to load font information for OMS+cmr on input line 4
3.
(/usr/share/texlive/texmf-dist/tex/latex/base/omscmr.fd
File: omscmr.fd 2019/12/16 v2.5j Standard LaTeX font definitions
)
LaTeX Font Info:    Font shape `OMS/cmr/m/n' in size <10> not available
(Font)              Font shape `OMS/cmsy/m/n' tried instead on input line 43.
 [1

{/var/lib/texmf/fonts/map/pdftex/updmap/pdftex.map}] [2]
Package epstopdf Info: Source file: <./figs/iir/epsilons.eps>
(epstopdf)                    date: 2021-04-22 23:34:21
(epstopdf)                    size: 31331 bytes
(epstopdf)             Output file: <./figs/iir/epsilons-eps-converted-to.pdf>
(epstopdf)                    date: 2021-04-22 23:52:56
(epstopdf)                    size: 12491 bytes
(epstopdf)             Command: <repstopdf --outfile=./figs/iir/epsilons-eps-co
nverted-to.pdf ./figs/iir/epsilons.eps>
(epstopdf)             \includegraphics on input line 147.
Package epstopdf Info: Output file is already uptodate.
<./figs/iir/epsilons-eps-converted-to.pdf, id=23, 462.52798pt x 346.89601pt>
File: ./figs/iir/epsilons-eps-converted-to.pdf Graphic file (type pdf)
<use ./figs/iir/epsilons-eps-converted-to.pdf>
Package pdftex.def Info: ./figs/iir/epsilons-eps-converted-to.pdf  used on inpu
t line 147.
(pdftex.def)             Requested size: 426.79134pt x 320.11156pt.

Overfull \hbox (81.79134pt too wide) in paragraph at lines 147--148
[][] 
 []

Package epstopdf Info: Source file: <./figs/iir/lpanalog_cheb.eps>
(epstopdf)                    date: 2021-04-22 20:25:23
(epstopdf)                    size: 31453 bytes
(epstopdf)             Output file: <./figs/iir/lpanalog_cheb-eps-converted-to.
pdf>
(epstopdf)                    date: 2021-04-22 23:52:57
(epstopdf)                    size: 44256 bytes
(epstopdf)             Command: <repstopdf --outfile=./figs/iir/lpanalog_cheb-e
ps-converted-to.pdf ./figs/iir/lpanalog_cheb.eps>
(epstopdf)             \includegraphics on input line 154.
Package epstopdf Info: Output file is already uptodate.
<./figs/iir/lpanalog_cheb-eps-converted-to.pdf, id=24, 462.52798pt x 346.89601p
t>
File: ./figs/iir/lpanalog_cheb-eps-converted-to.pdf Graphic file (type pdf)
<use ./figs/iir/lpanalog_cheb-eps-converted-to.pdf>
Package pdftex.def Info: ./figs/iir/lpanalog_cheb-eps-converted-to.pdf  used on
 input line 154.
(pdftex.def)             Requested size: 426.79134pt x 320.11156pt.

Overfull \hbox (81.79134pt too wide) in paragraph at lines 154--155
[][] 
 []

Package epstopdf Info: Source file: <./figs/iir/AnalogBandpass.eps>
(epstopdf)                    date: 2021-04-22 23:09:07
(epstopdf)                    size: 19703 bytes
(epstopdf)             Output file: <./figs/iir/AnalogBandpass-eps-converted-to
.pdf>
(epstopdf)                    date: 2021-04-22 23:52:57
(epstopdf)                    size: 10704 bytes
(epstopdf)             Command: <repstopdf --outfile=./figs/iir/AnalogBandpass-
eps-converted-to.pdf ./figs/iir/AnalogBandpass.eps>
(epstopdf)             \includegraphics on input line 160.
Package epstopdf Info: Output file is already uptodate.
<./figs/iir/AnalogBandpass-eps-converted-to.pdf, id=25, 462.52798pt x 346.89601
pt>
File: ./figs/iir/AnalogBandpass-eps-converted-to.pdf Graphic file (type pdf)
<use ./figs/iir/AnalogBandpass-eps-converted-to.pdf>
Package pdftex.def Info: ./figs/iir/AnalogBandpass-eps-converted-to.pdf  used o
n input line 160.
(pdftex.def)             Requested size: 426.79134pt x 320.11156pt.

Overfull \hbox (81.79134pt too wide) in paragraph at lines 160--161
[][] 
 []

[3] [4 <./figs/iir/epsilons-eps-converted-to.pdf>] [5 <./figs/iir/lpanalog_cheb
-eps-converted-to.pdf>] [6 <./figs/iir/AnalogBandpass-eps-converted-to.pdf>]
Package epstopdf Info: Source file: <./figs/iir/DigitalBandpass.eps>
(epstopdf)                    date: 2021-04-22 23:09:08
(epstopdf)                    size: 23480 bytes
(epstopdf)             Output file: <./figs/iir/DigitalBandpass-eps-converted-t
o.pdf>
(epstopdf)                    date: 2021-04-22 23:52:57
(epstopdf)                    size: 11457 bytes
(epstopdf)             Command: <repstopdf --outfile=./figs/iir/DigitalBandpass
-eps-converted-to.pdf ./figs/iir/DigitalBandpass.eps>
(epstopdf)             \includegraphics on input line 190.
Package epstopdf Info: Output file is already uptodate.
<./figs/iir/DigitalBandpass-eps-converted-to.pdf, id=122, 462.52798pt x 346.896
01pt>
File: ./figs/iir/DigitalBandpass-eps-converted-to.pdf Graphic file (type pdf)
<use ./figs/iir/DigitalBandpass-eps-converted-to.pdf>
Package pdftex.def Info: ./figs/iir/DigitalBandpass-eps-converted-to.pdf  used 
on input line 190.
(pdftex.def)             Requested size: 426.79134pt x 320.11156pt.

Overfull \hbox (81.79134pt too wide) in paragraph at lines 190--191
[][] 
 []

[7] [8 <./figs/iir/DigitalBandpass-eps-converted-to.pdf>]
Package epstopdf Info: Source file: <./figs/fir/lowpass.eps>
(epstopdf)                    date: 2021-04-22 23:44:55
(epstopdf)                    size: 20515 bytes
(epstopdf)             Output file: <./figs/fir/lowpass-eps-converted-to.pdf>
(epstopdf)                    date: 2021-04-22 23:52:57
(epstopdf)                    size: 11905 bytes
(epstopdf)             Command: <repstopdf --outfile=./figs/fir/lowpass-eps-con
verted-to.pdf ./figs/fir/lowpass.eps>
(epstopdf)             \includegraphics on input line 263.
Package epstopdf Info: Output file is already uptodate.
<./figs/fir/lowpass-eps-converted-to.pdf, id=155, 462.52798pt x 346.89601pt>
File: ./figs/fir/lowpass-eps-converted-to.pdf Graphic file (type pdf)
<use ./figs/fir/lowpass-eps-converted-to.pdf>
Package pdftex.def Info: ./figs/fir/lowpass-eps-converted-to.pdf  used on input
 line 263.
(pdftex.def)             Requested size: 426.79134pt x 320.11156pt.

Overfull \hbox (81.79134pt too wide) in paragraph at lines 263--264
[][] 
 []

[9] [10 <./figs/fir/lowpass-eps-converted-to.pdf>]
Package epstopdf Info: Source file: <./figs/fir/bandpass.eps>
(epstopdf)                    date: 2021-04-22 23:45:13
(epstopdf)                    size: 21264 bytes
(epstopdf)             Output file: <./figs/fir/bandpass-eps-converted-to.pdf>
(epstopdf)             Command: <repstopdf --outfile=./figs/fir/bandpass-eps-co
nverted-to.pdf ./figs/fir/bandpass.eps>
(epstopdf)             \includegraphics on input line 284.
runsystem(repstopdf --outfile=./figs/fir/bandpass-eps-converted-to.pdf ./figs/f
ir/bandpass.eps)...executed safely (allowed).

Package epstopdf Info: Result file: <./figs/fir/bandpass-eps-converted-to.pdf>
(epstopdf)                    date: 2021-04-23 02:22:50
(epstopdf)                    size: 12289 bytes.
<./figs/fir/bandpass-eps-converted-to.pdf, id=190, 462.52798pt x 346.89601pt>
File: ./figs/fir/bandpass-eps-converted-to.pdf Graphic file (type pdf)
<use ./figs/fir/bandpass-eps-converted-to.pdf>
Package pdftex.def Info: ./figs/fir/bandpass-eps-converted-to.pdf  used on inpu
t line 284.
(pdftex.def)             Requested size: 426.79134pt x 320.11156pt.

Overfull \hbox (81.79134pt too wide) in paragraph at lines 284--285
[][] 
 []

[11 <./figs/fir/bandpass-eps-converted-to.pdf>] (./FilterDesign.aux) ) 
Here is how much of TeX's memory you used:
 1241 strings out of 483140
 19078 string characters out of 5965151
 250854 words of memory out of 5000000
 16289 multiletter control sequences out of 15000+600000
 536799 words of font info for 39 fonts, out of 8000000 for 9000
 36 hyphenation exceptions out of 8191
 30i,12n,25p,531b,213s stack positions out of 5000i,500n,10000p,200000b,80000s
</usr/sha
re/texlive/texmf-dist/fonts/type1/public/amsfonts/cm/cmbx12.pfb></usr/share/tex
live/texmf-dist/fonts/type1/public/amsfonts/cm/cmex10.pfb></usr/share/texlive/t
exmf-dist/fonts/type1/public/amsfonts/cm/cmmi10.pfb></usr/share/texlive/texmf-d
ist/fonts/type1/public/amsfonts/cm/cmmi5.pfb></usr/share/texlive/texmf-dist/fon
ts/type1/public/amsfonts/cm/cmmi7.pfb></usr/share/texlive/texmf-dist/fonts/type
1/public/amsfonts/cm/cmr10.pfb></usr/share/texlive/texmf-dist/fonts/type1/publi
c/amsfonts/cm/cmr12.pfb></usr/share/texlive/texmf-dist/fonts/type1/public/amsfo
nts/cm/cmr17.pfb></usr/share/texlive/texmf-dist/fonts/type1/public/amsfonts/cm/
cmr5.pfb></usr/share/texlive/texmf-dist/fonts/type1/public/amsfonts/cm/cmr7.pfb
></usr/share/texlive/texmf-dist/fonts/type1/public/amsfonts/cm/cmsy10.pfb></usr
/share/texlive/texmf-dist/fonts/type1/public/amsfonts/cm/cmsy5.pfb></usr/share/
texlive/texmf-dist/fonts/type1/public/amsfonts/cm/cmsy7.pfb></usr/share/texlive
/texmf-dist/fonts/type1/public/amsfonts/cm/cmti10.pfb></usr/share/texlive/texmf
-dist/fonts/type1/public/amsfonts/cm/cmtt10.pfb>
Output written on FilterDesign.pdf (11 pages, 272203 bytes).
PDF statistics:
 271 PDF objects out of 1000 (max. 8388607)
 111 compressed objects within 2 object streams
 0 named destinations out of 1000 (max. 500000)
 31 words of extra memory for PDF output out of 10000 (max. 10000000)

